mode: set
unittest/Unit_test_2/validatelen.go:17.36,19.36 2 1
unittest/Unit_test_2/validatelen.go:19.36,23.16 4 1
unittest/Unit_test_2/validatelen.go:23.16,24.12 1 1
unittest/Unit_test_2/validatelen.go:26.3,27.30 2 1
unittest/Unit_test_2/validatelen.go:27.30,28.60 1 1
unittest/Unit_test_2/validatelen.go:28.60,30.5 1 1
unittest/Unit_test_2/validatelen.go:33.2,33.12 1 1
unittest/Unit_test_2/validatelen.go:36.74,37.9 1 1
unittest/Unit_test_2/validatelen.go:38.39,39.51 1 1
unittest/Unit_test_2/validatelen.go:41.39,42.51 1 1
unittest/Unit_test_2/validatelen.go:43.26,44.44 1 1
unittest/Unit_test_2/validatelen.go:45.23,46.41 1 1
unittest/Unit_test_2/validatelen.go:48.2,48.12 1 0
unittest/Unit_test_2/validatelen.go:51.82,53.31 2 1
unittest/Unit_test_2/validatelen.go:53.31,55.3 1 1
unittest/Unit_test_2/validatelen.go:56.2,56.12 1 1
unittest/Unit_test_2/validatelen.go:59.82,61.31 2 1
unittest/Unit_test_2/validatelen.go:61.31,63.3 1 1
unittest/Unit_test_2/validatelen.go:64.2,64.12 1 1
unittest/Unit_test_2/validatelen.go:67.68,68.26 1 1
unittest/Unit_test_2/validatelen.go:68.26,70.3 1 1
unittest/Unit_test_2/validatelen.go:71.2,71.12 1 1
unittest/Unit_test_2/validatelen.go:74.65,76.45 2 1
unittest/Unit_test_2/validatelen.go:76.45,78.3 1 1
unittest/Unit_test_2/validatelen.go:79.2,79.12 1 1
unittest/Unit_test_2/validatelen.go:82.13,93.2 4 0
unittest/Unit_test_2/validatelen.go:95.39,97.16 2 0
unittest/Unit_test_2/validatelen.go:97.16,99.3 1 0
unittest/Unit_test_2/validatelen.go:99.8,101.3 1 0
